Copyright 1986-2020 Xilinx, Inc. All Rights Reserved.
------------------------------------------------------------------------------------
| Tool Version : Vivado v.2020.2 (win64) Build 3064766 Wed Nov 18 09:12:45 MST 2020
| Date         : Wed Mar 26 00:31:17 2025
| Host         : DESKTOP-E4ODHO5 running 64-bit major release  (build 9200)
| Command      : upgrade_ip
| Device       : xc7z010clg400-1
------------------------------------------------------------------------------------

Upgrade Log for IP 'atelier4_mycolorRegister_0_0'

1. Summary
----------

SUCCESS in the conversion of atelier4_mycolorRegister_0_0 (grams:gramslib:mycolorRegister:1.0 (Rev. 5)) to Vivado generation flows.






Copyright 1986-2020 Xilinx, Inc. All Rights Reserved.
------------------------------------------------------------------------------------
| Tool Version : Vivado v.2020.2 (win64) Build 3064766 Wed Nov 18 09:12:45 MST 2020
| Date         : Wed Mar 26 00:27:51 2025
| Host         : DESKTOP-E4ODHO5 running 64-bit major release  (build 9200)
| Command      : upgrade_ip
| Device       : xc7z010clg400-1
------------------------------------------------------------------------------------

Upgrade Log for IP 'atelier4_mycolorRegister_0_0'

1. Summary
----------

SUCCESS in the upgrade of atelier4_mycolorRegister_0_0 (grams:gramslib:mycolorRegister:1.0) from (Rev. 4) to (Rev. 5)






Copyright 1986-2020 Xilinx, Inc. All Rights Reserved.
------------------------------------------------------------------------------------
| Tool Version : Vivado v.2020.2 (win64) Build 3064766 Wed Nov 18 09:12:45 MST 2020
| Date         : Wed Mar 26 00:24:57 2025
| Host         : DESKTOP-E4ODHO5 running 64-bit major release  (build 9200)
| Command      : upgrade_ip
| Device       : xc7z010clg400-1
------------------------------------------------------------------------------------

Upgrade Log for IP 'atelier4_mycolorRegister_0_0'

1. Summary
----------

SUCCESS in the upgrade of atelier4_mycolorRegister_0_0 (grams:gramslib:mycolorRegister:1.0) from (Rev. 2) to (Rev. 4)






Copyright 1986-2020 Xilinx, Inc. All Rights Reserved.
------------------------------------------------------------------------------------
| Tool Version : Vivado v.2020.2 (win64) Build 3064766 Wed Nov 18 09:12:45 MST 2020
| Date         : Mon Jan 23 15:33:50 2023
| Host         : DESKTOP-STNSRIB running 64-bit major release  (build 9200)
| Command      : upgrade_ip
| Device       : xc7z010clg400-1
------------------------------------------------------------------------------------

Upgrade Log for IP 'atelier4_pixelDataToVideoStre_0_3'

1. Summary
----------

SUCCESS in the upgrade of atelier4_pixelDataToVideoStre_0_3 (grams:gramslib:pixelDataToVideoStream:1.0) from (Rev. 23) to (Rev. 24)

