#-----------------------------------------------------------
# Vivado v2020.2 (64-bit)
# SW Build 3064766 on Wed Nov 18 09:12:45 MST 2020
# IP Build 3064653 on Wed Nov 18 14:17:31 MST 2020
# Start of session at: Wed Mar 26 01:03:51 2025
# Process ID: 28444
# Current directory: C:/travail/s4InfoAtelier4
# Command line: vivado.exe -gui_launcher_event rodinguilauncherevent31856 C:\travail\s4InfoAtelier4\s4InfoAtelier4.xpr
# Log file: C:/travail/s4InfoAtelier4/vivado.log
# Journal file: C:/travail/s4InfoAtelier4\vivado.jou
#-----------------------------------------------------------
start_gui
open_project C:/travail/s4InfoAtelier4/s4InfoAtelier4.xpr
WARNING: [filemgmt 56-3] IP Repository Path: Could not find the directory 'C:/travail/ip_repo/instructionRegister_1.0'.
WARNING: [filemgmt 56-3] IP Repository Path: Could not find the directory 'C:/travail/ip_repo/instructionRegister_1.0'.
Scanning sources...
Finished scanning sources
INFO: [IP_Flow 19-234] Refreshing IP repositories
WARNING: [IP_Flow 19-2248] Failed to load user IP repository 'c:/travail/ip_repo/instructionRegister_1.0'; Can't find the specified path.
If this directory should no longer be in your list of user repositories, go to the IP Settings dialog and remove it.
WARNING: [IP_Flow 19-2207] Repository 'c:/travail/ip_repo/instructionRegister_1.0' already exists; ignoring attempt to add it again.
WARNING: [IP_Flow 19-2248] Failed to load user IP repository 'c:/travail/ip_repo/instructionRegister_1.0'; Can't find the specified path.
If this directory should no longer be in your list of user repositories, go to the IP Settings dialog and remove it.
INFO: [IP_Flow 19-1700] Loaded user IP repository 'c:/travail/s4InfoAtelier4/s4InfoAtelier4.ipdefs/mycolorRegister_1.0'.
INFO: [IP_Flow 19-1700] Loaded user IP repository 'c:/travail/s4InfoAtelier4/s4InfoAtelier4.ipdefs/pixelDataToVideoStream_1.0'.
INFO: [IP_Flow 19-1700] Loaded user IP repository 'c:/travail/s4InfoAtelier4/s4InfoAtelier4.ipdefs/rgb2dvi'.
INFO: [IP_Flow 19-1700] Loaded user IP repository 'c:/travail/s4InfoAtelier4/s4InfoAtelier4.ipdefs/tmds_v1_0'.
INFO: [IP_Flow 19-2313] Loaded Vivado IP repository 'C:/Vivado/2020.2/data/ip'.
open_project: Time (s): cpu = 00:00:14 ; elapsed = 00:00:11 . Memory (MB): peak = 1116.832 ; gain = 0.000
update_compile_order -fileset sources_1
launch_runs impl_1 -to_step write_bitstream -jobs 10
[Wed Mar 26 01:04:37 2025] Launched synth_1...
Run output will be captured here: C:/travail/s4InfoAtelier4/s4InfoAtelier4.runs/synth_1/runme.log
[Wed Mar 26 01:04:37 2025] Launched impl_1...
Run output will be captured here: C:/travail/s4InfoAtelier4/s4InfoAtelier4.runs/impl_1/runme.log
reset_run impl_1
reset_run synth_1
exit
INFO: [Common 17-206] Exiting Vivado at Wed Mar 26 01:07:11 2025...
