#-----------------------------------------------------------
# Vivado v2020.2 (64-bit)
# SW Build 3064766 on Wed Nov 18 09:12:45 MST 2020
# IP Build 3064653 on Wed Nov 18 14:17:31 MST 2020
# Start of session at: Sat Apr  5 22:40:09 2025
# Process ID: 24440
# Current directory: C:/travail/s4InfoAtelier4
# Command line: vivado.exe -gui_launcher_event rodinguilauncherevent26224 C:\travail\s4InfoAtelier4\s4InfoAtelier4.xpr
# Log file: C:/travail/s4InfoAtelier4/vivado.log
# Journal file: C:/travail/s4InfoAtelier4\vivado.jou
#-----------------------------------------------------------
start_gui
open_project C:/travail/s4InfoAtelier4/s4InfoAtelier4.xpr
WARNING: [filemgmt 56-3] IP Repository Path: Could not find the directory 'C:/travail/ip_repo/instructionRegister_1.0'.
WARNING: [filemgmt 56-3] IP Repository Path: Could not find the directory 'C:/travail/ip_repo/instructionRegister_1.0'.
Scanning sources...
Finished scanning sources
INFO: [IP_Flow 19-234] Refreshing IP repositories
WARNING: [IP_Flow 19-2248] Failed to load user IP repository 'c:/travail/ip_repo/instructionRegister_1.0'; Can't find the specified path.
If this directory should no longer be in your list of user repositories, go to the IP Settings dialog and remove it.
WARNING: [IP_Flow 19-2207] Repository 'c:/travail/ip_repo/instructionRegister_1.0' already exists; ignoring attempt to add it again.
WARNING: [IP_Flow 19-2248] Failed to load user IP repository 'c:/travail/ip_repo/instructionRegister_1.0'; Can't find the specified path.
If this directory should no longer be in your list of user repositories, go to the IP Settings dialog and remove it.
INFO: [IP_Flow 19-1700] Loaded user IP repository 'c:/travail/s4InfoAtelier4/s4InfoAtelier4.ipdefs/mycolorRegister_1.0'.
INFO: [IP_Flow 19-1700] Loaded user IP repository 'c:/travail/s4InfoAtelier4/s4InfoAtelier4.ipdefs/pixelDataToVideoStream_1.0'.
INFO: [IP_Flow 19-1700] Loaded user IP repository 'c:/travail/s4InfoAtelier4/s4InfoAtelier4.ipdefs/rgb2dvi'.
INFO: [IP_Flow 19-1700] Loaded user IP repository 'c:/travail/s4InfoAtelier4/s4InfoAtelier4.ipdefs/tmds_v1_0'.
INFO: [IP_Flow 19-2313] Loaded Vivado IP repository 'C:/Vivado/2020.2/data/ip'.
open_project: Time (s): cpu = 00:00:14 ; elapsed = 00:00:10 . Memory (MB): peak = 1120.016 ; gain = 0.000
update_compile_order -fileset sources_1
launch_runs impl_1 -to_step write_bitstream -jobs 10
[Sat Apr  5 22:41:12 2025] Launched synth_1...
Run output will be captured here: C:/travail/s4InfoAtelier4/s4InfoAtelier4.runs/synth_1/runme.log
[Sat Apr  5 22:41:12 2025] Launched impl_1...
Run output will be captured here: C:/travail/s4InfoAtelier4/s4InfoAtelier4.runs/impl_1/runme.log
reset_run synth_1
WARNING: [Vivado 12-1017] Problems encountered:
1. Failed to delete one or more files in run directory C:/travail/s4InfoAtelier4/s4InfoAtelier4.runs/synth_1

launch_runs impl_1 -to_step write_bitstream -jobs 10
[Sat Apr  5 22:43:12 2025] Launched synth_1...
Run output will be captured here: C:/travail/s4InfoAtelier4/s4InfoAtelier4.runs/synth_1/runme.log
[Sat Apr  5 22:43:12 2025] Launched impl_1...
Run output will be captured here: C:/travail/s4InfoAtelier4/s4InfoAtelier4.runs/impl_1/runme.log
WARNING: [IP_Flow 19-4318] IP-XACT file does not exist: c:/travail/s4InfoAtelier4/s4InfoAtelier4.srcs/sources_1/bd/atelier4/ip/atelier4_axi_vdma_0_0/atelier4_axi_vdma_0_0.xml. It will be created.
WARNING: [IP_Flow 19-4318] IP-XACT file does not exist: c:/travail/s4InfoAtelier4/s4InfoAtelier4.srcs/sources_1/bd/atelier4/ip/atelier4_clk_wiz_0_0/atelier4_clk_wiz_0_0.xml. It will be created.
WARNING: [IP_Flow 19-4318] IP-XACT file does not exist: c:/travail/s4InfoAtelier4/s4InfoAtelier4.srcs/sources_1/bd/atelier4/ip/atelier4_proc_sys_reset_0_0/atelier4_proc_sys_reset_0_0.xml. It will be created.
WARNING: [IP_Flow 19-4318] IP-XACT file does not exist: c:/travail/s4InfoAtelier4/s4InfoAtelier4.srcs/sources_1/bd/atelier4/ip/atelier4_processing_system7_0_0/atelier4_processing_system7_0_0.xml. It will be created.
WARNING: [IP_Flow 19-4318] IP-XACT file does not exist: c:/travail/s4InfoAtelier4/s4InfoAtelier4.srcs/sources_1/bd/atelier4/ip/atelier4_rgb2dvi_0_0/atelier4_rgb2dvi_0_0.xml. It will be created.
WARNING: [IP_Flow 19-4318] IP-XACT file does not exist: c:/travail/s4InfoAtelier4/s4InfoAtelier4.srcs/sources_1/bd/atelier4/ip/atelier4_smartconnect_0_0/atelier4_smartconnect_0_0.xml. It will be created.
WARNING: [IP_Flow 19-4318] IP-XACT file does not exist: c:/travail/s4InfoAtelier4/s4InfoAtelier4.srcs/sources_1/bd/atelier4/ip/atelier4_smartconnect_0_1/atelier4_smartconnect_0_1.xml. It will be created.
WARNING: [IP_Flow 19-4318] IP-XACT file does not exist: c:/travail/s4InfoAtelier4/s4InfoAtelier4.srcs/sources_1/bd/atelier4/ip/atelier4_v_axi4s_vid_out_0_0/atelier4_v_axi4s_vid_out_0_0.xml. It will be created.
WARNING: [IP_Flow 19-4318] IP-XACT file does not exist: c:/travail/s4InfoAtelier4/s4InfoAtelier4.srcs/sources_1/bd/atelier4/ip/atelier4_v_proc_ss_0_0/atelier4_v_proc_ss_0_0.xml. It will be created.
WARNING: [IP_Flow 19-4318] IP-XACT file does not exist: c:/travail/s4InfoAtelier4/s4InfoAtelier4.srcs/sources_1/bd/atelier4/ip/atelier4_v_tc_0_0/atelier4_v_tc_0_0.xml. It will be created.
WARNING: [IP_Flow 19-4318] IP-XACT file does not exist: c:/travail/s4InfoAtelier4/s4InfoAtelier4.srcs/sources_1/bd/atelier4/ip/atelier4_pixelDataToVideoStre_0_3/atelier4_pixelDataToVideoStre_0_3.xml. It will be created.
WARNING: [IP_Flow 19-4318] IP-XACT file does not exist: c:/travail/s4InfoAtelier4/s4InfoAtelier4.srcs/sources_1/bd/atelier4/ip/atelier4_mycolorRegister_0_0/atelier4_mycolorRegister_0_0.xml. It will be created.
WARNING: [IP_Flow 19-4318] IP-XACT file does not exist: c:/travail/s4InfoAtelier4/s4InfoAtelier4.srcs/sources_1/bd/atelier4/ip/atelier4_testPatternGen2_0_0/atelier4_testPatternGen2_0_0.xml. It will be created.
open_hw_manager
connect_hw_server -allow_non_jtag
INFO: [Labtools 27-2285] Connecting to hw_server url TCP:localhost:3121
INFO: [Labtools 27-3415] Connecting to cs_server url TCP:localhost:3042
INFO: [Labtools 27-3417] Launching cs_server...
INFO: [Labtools 27-2221] Launch Output:


******** Xilinx cs_server v2020.2
  ****** Build date   : Nov 03 2020-16:02:56
    **** Build number : 2020.2.1604437376
      ** Copyright 2017-2020 Xilinx, Inc. All Rights Reserved.



open_hw_target
INFO: [Labtoolstcl 44-466] Opening hw_target localhost:3121/xilinx_tcf/Digilent/210351A77E40A
open_hw_target: Time (s): cpu = 00:00:03 ; elapsed = 00:00:05 . Memory (MB): peak = 2665.797 ; gain = 1545.781
set_property PROGRAM.FILE {C:/travail/s4InfoAtelier4/s4InfoAtelier4.runs/impl_1/atelier4_wrapper.bit} [get_hw_devices xc7z010_1]
current_hw_device [get_hw_devices xc7z010_1]
refresh_hw_device -update_hw_probes false [lindex [get_hw_devices xc7z010_1] 0]
INFO: [Labtools 27-1434] Device xc7z010 (JTAG device index = 1) is programmed with a design that has no supported debug core(s) in it.
set_property PROBES.FILE {} [get_hw_devices xc7z010_1]
set_property FULL_PROBES.FILE {} [get_hw_devices xc7z010_1]
set_property PROGRAM.FILE {C:/travail/s4InfoAtelier4/s4InfoAtelier4.runs/impl_1/atelier4_wrapper.bit} [get_hw_devices xc7z010_1]
program_hw_devices [get_hw_devices xc7z010_1]
INFO: [Labtools 27-3164] End of startup status: HIGH
refresh_hw_device [lindex [get_hw_devices xc7z010_1] 0]
INFO: [Labtools 27-1434] Device xc7z010 (JTAG device index = 1) is programmed with a design that has no supported debug core(s) in it.
write_hw_platform -fixed -include_bit -force -file C:/travail/s4InfoAtelier4/atelier4_wrapper.xsa
INFO: [Vivado 12-4895] Creating Hardware Platform: C:/travail/s4InfoAtelier4/atelier4_wrapper.xsa ...
INFO: [Hsi 55-2053] elapsed time for repository (C:/Vivado/2020.2/data\embeddedsw) loading 0 seconds
WARNING: [Project 1-645] Board images not set in Hardware Platform.
INFO: [Vivado 12-12467] The Hardware Platform can be used for Hardware
INFO: [Vivado 12-4896] Successfully created Hardware Platform: C:/travail/s4InfoAtelier4/atelier4_wrapper.xsa
launch_simulation
Command: launch_simulation 
INFO: [Vivado 12-5682] Launching behavioral simulation in 'C:/travail/s4InfoAtelier4/s4InfoAtelier4.sim/sim_1/behav/xsim'
INFO: [Vivado 12-4795] Using compiled simulation libraries for IPs
INFO: [SIM-utils-51] Simulation object is 'sim_1'
INFO: [USF-XSim-7] Finding pre-compiled libraries...
INFO: [USF-XSim-11] File 'C:/Vivado/2020.2/data/xsim/xsim.ini' copied to run dir:'C:/travail/s4InfoAtelier4/s4InfoAtelier4.sim/sim_1/behav/xsim'
INFO: [SIM-utils-54] Inspecting design source files for 'datapath_tb' in fileset 'sim_1'...
INFO: [SIM-utils-43] Exported 'C:/travail/s4InfoAtelier4/s4InfoAtelier4.sim/sim_1/behav/xsim/sc_xtlm_atelier4_smartconnect_0_0.mem'
INFO: [SIM-utils-43] Exported 'C:/travail/s4InfoAtelier4/s4InfoAtelier4.sim/sim_1/behav/xsim/sc_xtlm_atelier4_smartconnect_0_1.mem'
INFO: [SIM-utils-43] Exported 'C:/travail/s4InfoAtelier4/s4InfoAtelier4.sim/sim_1/behav/xsim/sc_xtlm_bd_0837_smartconnect_0_0.mem'
INFO: [SIM-utils-43] Exported 'C:/travail/s4InfoAtelier4/s4InfoAtelier4.sim/sim_1/behav/xsim/bd_0837_vsc_0_v_vcresampler_core_linebuf_c_val_V_2_rom.dat'
INFO: [SIM-utils-43] Exported 'C:/travail/s4InfoAtelier4/s4InfoAtelier4.sim/sim_1/behav/xsim/bd_0837_hsc_0_MultiPixStream2AXIvideo_mapComp_rom.dat'
INFO: [USF-XSim-97] Finding global include files...
INFO: [USF-XSim-98] Fetching design files from 'sim_1'...
INFO: [USF-XSim-2] XSim::Compile design
INFO: [USF-XSim-61] Executing 'COMPILE and ANALYZE' step in 'C:/travail/s4InfoAtelier4/s4InfoAtelier4.sim/sim_1/behav/xsim'
"xvlog --incr --relax -L axi_vip_v1_1_8 -L processing_system7_vip_v1_0_10 -L smartconnect_v1_0 -L xilinx_vip -prj datapath_tb_vlog.prj"
"xvhdl --incr --relax -prj datapath_tb_vhdl.prj"
INFO: [VRFC 10-163] Analyzing VHDL file "C:/travail/s4InfoAtelier4/s4InfoAtelier4.srcs/sim_1/new/datapath_tb.vhd" into library xil_defaultlib
INFO: [VRFC 10-3107] analyzing entity 'datapath_tb'
INFO: [USF-XSim-69] 'compile' step finished in '3' seconds
INFO: [USF-XSim-3] XSim::Elaborate design
INFO: [USF-XSim-61] Executing 'ELABORATE' step in 'C:/travail/s4InfoAtelier4/s4InfoAtelier4.sim/sim_1/behav/xsim'
"xelab -wto 1814c4d5952d4bc092476e99aecaed19 --incr --debug typical --relax --mt 2 -L xil_defaultlib -L xilinx_vip -L unisims_ver -L unimacro_ver -L secureip -L xpm --snapshot datapath_tb_behav xil_defaultlib.datapath_tb xil_defaultlib.glbl -log elaborate.log"
Vivado Simulator 2020.2
Copyright 1986-1999, 2001-2020 Xilinx, Inc. All Rights Reserved.
Running: C:/Vivado/2020.2/bin/unwrapped/win64.o/xelab.exe -wto 1814c4d5952d4bc092476e99aecaed19 --incr --debug typical --relax --mt 2 -L xil_defaultlib -L xilinx_vip -L unisims_ver -L unimacro_ver -L secureip -L xpm --snapshot datapath_tb_behav xil_defaultlib.datapath_tb xil_defaultlib.glbl -log elaborate.log 
Using 2 slave threads.
Starting static elaboration
Pass Through NonSizing Optimizer
Completed static elaboration
Starting simulation data flow analysis
Completed simulation data flow analysis
Time Resolution for simulation is 1ps
Compiling package std.standard
Compiling package std.textio
Compiling package ieee.std_logic_1164
Compiling package ieee.numeric_std
Compiling module xil_defaultlib.glbl
Compiling architecture behavioral of entity xil_defaultlib.controller [controller_default]
Compiling architecture behavioral of entity xil_defaultlib.viewport [viewport_default]
Compiling architecture behavioral of entity xil_defaultlib.background_buffer_2 [background_buffer_2_default]
Compiling architecture behavioral of entity xil_defaultlib.bg_tile_buffer_2 [bg_tile_buffer_2_default]
Compiling architecture behavioral of entity xil_defaultlib.color_mux [color_mux_default]
Compiling architecture behavioral of entity xil_defaultlib.actor [actor_default]
Compiling architecture behavioral of entity xil_defaultlib.actor_manager [actor_manager_default]
Compiling architecture behavioral of entity xil_defaultlib.actor_tile_buffer [actor_tile_buffer_default]
Compiling architecture behavioral of entity xil_defaultlib.testPatternGen2 [testpatterngen2_default]
Compiling architecture behavioral of entity xil_defaultlib.datapath_tb
Built simulation snapshot datapath_tb_behav
INFO: [USF-XSim-69] 'elaborate' step finished in '2' seconds
INFO: [USF-XSim-4] XSim::Simulate design
INFO: [USF-XSim-61] Executing 'SIMULATE' step in 'C:/travail/s4InfoAtelier4/s4InfoAtelier4.sim/sim_1/behav/xsim'
INFO: [USF-XSim-98] *** Running xsim
   with args "datapath_tb_behav -key {Behavioral:sim_1:Functional:datapath_tb} -tclbatch {datapath_tb.tcl} -protoinst "protoinst_files/atelier4.protoinst" -log {simulate.log}"
INFO: [USF-XSim-8] Loading simulator feature
Vivado Simulator 2020.2
INFO: [Wavedata 42-565] Reading protoinst file protoinst_files/atelier4.protoinst
WARNING: [Wavedata 42-558] Couldn't load one or more protocol instances from protoinst file protoinst_files/atelier4.protoinst for the following reason(s):
There are no instances of module "atelier4" in the design.

Time resolution is 1 ps
source datapath_tb.tcl
# set curr_wave [current_wave_config]
# if { [string length $curr_wave] == 0 } {
#   if { [llength [get_objects]] > 0} {
#     add_wave /
#     set_property needs_save false [current_wave_config]
#   } else {
#      send_msg_id Add_Wave-1 WARNING "No top level signals found. Simulator will start without a wave window. If you want to open a wave window go to 'File->New Waveform Configuration' or type 'create_wave_config' in the TCL console."
#   }
# }
# run 1000ns
INFO: [USF-XSim-96] XSim completed. Design snapshot 'datapath_tb_behav' loaded.
INFO: [USF-XSim-97] XSim simulation ran for 1000ns
launch_simulation: Time (s): cpu = 00:00:12 ; elapsed = 00:00:20 . Memory (MB): peak = 2932.941 ; gain = 37.172
close_sim
INFO: [Simtcl 6-16] Simulation closed
launch_simulation
Command: launch_simulation 
INFO: [Vivado 12-5682] Launching behavioral simulation in 'C:/travail/s4InfoAtelier4/s4InfoAtelier4.sim/sim_1/behav/xsim'
INFO: [Vivado 12-4795] Using compiled simulation libraries for IPs
INFO: [SIM-utils-51] Simulation object is 'sim_1'
INFO: [USF-XSim-7] Finding pre-compiled libraries...
INFO: [USF-XSim-11] File 'C:/Vivado/2020.2/data/xsim/xsim.ini' copied to run dir:'C:/travail/s4InfoAtelier4/s4InfoAtelier4.sim/sim_1/behav/xsim'
INFO: [SIM-utils-54] Inspecting design source files for 'datapath_tb' in fileset 'sim_1'...
INFO: [SIM-utils-43] Exported 'C:/travail/s4InfoAtelier4/s4InfoAtelier4.sim/sim_1/behav/xsim/sc_xtlm_atelier4_smartconnect_0_0.mem'
INFO: [SIM-utils-43] Exported 'C:/travail/s4InfoAtelier4/s4InfoAtelier4.sim/sim_1/behav/xsim/sc_xtlm_atelier4_smartconnect_0_1.mem'
INFO: [SIM-utils-43] Exported 'C:/travail/s4InfoAtelier4/s4InfoAtelier4.sim/sim_1/behav/xsim/sc_xtlm_bd_0837_smartconnect_0_0.mem'
INFO: [SIM-utils-43] Exported 'C:/travail/s4InfoAtelier4/s4InfoAtelier4.sim/sim_1/behav/xsim/bd_0837_vsc_0_v_vcresampler_core_linebuf_c_val_V_2_rom.dat'
INFO: [SIM-utils-43] Exported 'C:/travail/s4InfoAtelier4/s4InfoAtelier4.sim/sim_1/behav/xsim/bd_0837_hsc_0_MultiPixStream2AXIvideo_mapComp_rom.dat'
INFO: [USF-XSim-97] Finding global include files...
INFO: [USF-XSim-98] Fetching design files from 'sim_1'...
INFO: [USF-XSim-2] XSim::Compile design
INFO: [USF-XSim-61] Executing 'COMPILE and ANALYZE' step in 'C:/travail/s4InfoAtelier4/s4InfoAtelier4.sim/sim_1/behav/xsim'
"xvlog --incr --relax -L axi_vip_v1_1_8 -L processing_system7_vip_v1_0_10 -L smartconnect_v1_0 -L xilinx_vip -prj datapath_tb_vlog.prj"
"xvhdl --incr --relax -prj datapath_tb_vhdl.prj"
INFO: [VRFC 10-163] Analyzing VHDL file "C:/travail/s4InfoAtelier4/s4InfoAtelier4.srcs/sim_1/new/datapath_tb.vhd" into library xil_defaultlib
INFO: [VRFC 10-3107] analyzing entity 'datapath_tb'
INFO: [USF-XSim-69] 'compile' step finished in '2' seconds
INFO: [USF-XSim-3] XSim::Elaborate design
INFO: [USF-XSim-61] Executing 'ELABORATE' step in 'C:/travail/s4InfoAtelier4/s4InfoAtelier4.sim/sim_1/behav/xsim'
"xelab -wto 1814c4d5952d4bc092476e99aecaed19 --incr --debug typical --relax --mt 2 -L xil_defaultlib -L xilinx_vip -L unisims_ver -L unimacro_ver -L secureip -L xpm --snapshot datapath_tb_behav xil_defaultlib.datapath_tb xil_defaultlib.glbl -log elaborate.log"
Vivado Simulator 2020.2
Copyright 1986-1999, 2001-2020 Xilinx, Inc. All Rights Reserved.
Running: C:/Vivado/2020.2/bin/unwrapped/win64.o/xelab.exe -wto 1814c4d5952d4bc092476e99aecaed19 --incr --debug typical --relax --mt 2 -L xil_defaultlib -L xilinx_vip -L unisims_ver -L unimacro_ver -L secureip -L xpm --snapshot datapath_tb_behav xil_defaultlib.datapath_tb xil_defaultlib.glbl -log elaborate.log 
Using 2 slave threads.
Starting static elaboration
Pass Through NonSizing Optimizer
Completed static elaboration
Starting simulation data flow analysis
Completed simulation data flow analysis
Time Resolution for simulation is 1ps
Compiling package std.standard
Compiling package std.textio
Compiling package ieee.std_logic_1164
Compiling package ieee.numeric_std
Compiling module xil_defaultlib.glbl
Compiling architecture behavioral of entity xil_defaultlib.controller [controller_default]
Compiling architecture behavioral of entity xil_defaultlib.viewport [viewport_default]
Compiling architecture behavioral of entity xil_defaultlib.background_buffer_2 [background_buffer_2_default]
Compiling architecture behavioral of entity xil_defaultlib.bg_tile_buffer_2 [bg_tile_buffer_2_default]
Compiling architecture behavioral of entity xil_defaultlib.color_mux [color_mux_default]
Compiling architecture behavioral of entity xil_defaultlib.actor [actor_default]
Compiling architecture behavioral of entity xil_defaultlib.actor_manager [actor_manager_default]
Compiling architecture behavioral of entity xil_defaultlib.actor_tile_buffer [actor_tile_buffer_default]
Compiling architecture behavioral of entity xil_defaultlib.testPatternGen2 [testpatterngen2_default]
Compiling architecture behavioral of entity xil_defaultlib.datapath_tb
Built simulation snapshot datapath_tb_behav
INFO: [USF-XSim-69] 'elaborate' step finished in '2' seconds
INFO: [USF-XSim-4] XSim::Simulate design
INFO: [USF-XSim-61] Executing 'SIMULATE' step in 'C:/travail/s4InfoAtelier4/s4InfoAtelier4.sim/sim_1/behav/xsim'
INFO: [USF-XSim-98] *** Running xsim
   with args "datapath_tb_behav -key {Behavioral:sim_1:Functional:datapath_tb} -tclbatch {datapath_tb.tcl} -protoinst "protoinst_files/atelier4.protoinst" -log {simulate.log}"
INFO: [USF-XSim-8] Loading simulator feature
Vivado Simulator 2020.2
INFO: [Wavedata 42-565] Reading protoinst file protoinst_files/atelier4.protoinst
WARNING: [Wavedata 42-558] Couldn't load one or more protocol instances from protoinst file protoinst_files/atelier4.protoinst for the following reason(s):
There are no instances of module "atelier4" in the design.

Time resolution is 1 ps
source datapath_tb.tcl
# set curr_wave [current_wave_config]
# if { [string length $curr_wave] == 0 } {
#   if { [llength [get_objects]] > 0} {
#     add_wave /
#     set_property needs_save false [current_wave_config]
#   } else {
#      send_msg_id Add_Wave-1 WARNING "No top level signals found. Simulator will start without a wave window. If you want to open a wave window go to 'File->New Waveform Configuration' or type 'create_wave_config' in the TCL console."
#   }
# }
# run 1000ns
INFO: [USF-XSim-96] XSim completed. Design snapshot 'datapath_tb_behav' loaded.
INFO: [USF-XSim-97] XSim simulation ran for 1000ns
launch_simulation: Time (s): cpu = 00:00:10 ; elapsed = 00:00:13 . Memory (MB): peak = 2958.406 ; gain = 24.289
close_sim
INFO: [Simtcl 6-16] Simulation closed
launch_simulation
Command: launch_simulation 
INFO: [Vivado 12-5682] Launching behavioral simulation in 'C:/travail/s4InfoAtelier4/s4InfoAtelier4.sim/sim_1/behav/xsim'
INFO: [Vivado 12-4795] Using compiled simulation libraries for IPs
INFO: [SIM-utils-51] Simulation object is 'sim_1'
INFO: [USF-XSim-7] Finding pre-compiled libraries...
INFO: [USF-XSim-11] File 'C:/Vivado/2020.2/data/xsim/xsim.ini' copied to run dir:'C:/travail/s4InfoAtelier4/s4InfoAtelier4.sim/sim_1/behav/xsim'
INFO: [SIM-utils-54] Inspecting design source files for 'datapath_tb' in fileset 'sim_1'...
INFO: [SIM-utils-43] Exported 'C:/travail/s4InfoAtelier4/s4InfoAtelier4.sim/sim_1/behav/xsim/sc_xtlm_atelier4_smartconnect_0_0.mem'
INFO: [SIM-utils-43] Exported 'C:/travail/s4InfoAtelier4/s4InfoAtelier4.sim/sim_1/behav/xsim/sc_xtlm_atelier4_smartconnect_0_1.mem'
INFO: [SIM-utils-43] Exported 'C:/travail/s4InfoAtelier4/s4InfoAtelier4.sim/sim_1/behav/xsim/sc_xtlm_bd_0837_smartconnect_0_0.mem'
INFO: [SIM-utils-43] Exported 'C:/travail/s4InfoAtelier4/s4InfoAtelier4.sim/sim_1/behav/xsim/bd_0837_vsc_0_v_vcresampler_core_linebuf_c_val_V_2_rom.dat'
INFO: [SIM-utils-43] Exported 'C:/travail/s4InfoAtelier4/s4InfoAtelier4.sim/sim_1/behav/xsim/bd_0837_hsc_0_MultiPixStream2AXIvideo_mapComp_rom.dat'
INFO: [USF-XSim-97] Finding global include files...
INFO: [USF-XSim-98] Fetching design files from 'sim_1'...
INFO: [USF-XSim-2] XSim::Compile design
INFO: [USF-XSim-61] Executing 'COMPILE and ANALYZE' step in 'C:/travail/s4InfoAtelier4/s4InfoAtelier4.sim/sim_1/behav/xsim'
"xvlog --incr --relax -L axi_vip_v1_1_8 -L processing_system7_vip_v1_0_10 -L smartconnect_v1_0 -L xilinx_vip -prj datapath_tb_vlog.prj"
"xvhdl --incr --relax -prj datapath_tb_vhdl.prj"
INFO: [VRFC 10-163] Analyzing VHDL file "C:/travail/s4InfoAtelier4/s4InfoAtelier4.srcs/sim_1/new/datapath_tb.vhd" into library xil_defaultlib
INFO: [VRFC 10-3107] analyzing entity 'datapath_tb'
INFO: [USF-XSim-69] 'compile' step finished in '2' seconds
INFO: [USF-XSim-3] XSim::Elaborate design
INFO: [USF-XSim-61] Executing 'ELABORATE' step in 'C:/travail/s4InfoAtelier4/s4InfoAtelier4.sim/sim_1/behav/xsim'
"xelab -wto 1814c4d5952d4bc092476e99aecaed19 --incr --debug typical --relax --mt 2 -L xil_defaultlib -L xilinx_vip -L unisims_ver -L unimacro_ver -L secureip -L xpm --snapshot datapath_tb_behav xil_defaultlib.datapath_tb xil_defaultlib.glbl -log elaborate.log"
Vivado Simulator 2020.2
Copyright 1986-1999, 2001-2020 Xilinx, Inc. All Rights Reserved.
Running: C:/Vivado/2020.2/bin/unwrapped/win64.o/xelab.exe -wto 1814c4d5952d4bc092476e99aecaed19 --incr --debug typical --relax --mt 2 -L xil_defaultlib -L xilinx_vip -L unisims_ver -L unimacro_ver -L secureip -L xpm --snapshot datapath_tb_behav xil_defaultlib.datapath_tb xil_defaultlib.glbl -log elaborate.log 
Using 2 slave threads.
Starting static elaboration
Pass Through NonSizing Optimizer
Completed static elaboration
Starting simulation data flow analysis
Completed simulation data flow analysis
Time Resolution for simulation is 1ps
Compiling package std.standard
Compiling package std.textio
Compiling package ieee.std_logic_1164
Compiling package ieee.numeric_std
Compiling module xil_defaultlib.glbl
Compiling architecture behavioral of entity xil_defaultlib.controller [controller_default]
Compiling architecture behavioral of entity xil_defaultlib.viewport [viewport_default]
Compiling architecture behavioral of entity xil_defaultlib.background_buffer_2 [background_buffer_2_default]
Compiling architecture behavioral of entity xil_defaultlib.bg_tile_buffer_2 [bg_tile_buffer_2_default]
Compiling architecture behavioral of entity xil_defaultlib.color_mux [color_mux_default]
Compiling architecture behavioral of entity xil_defaultlib.actor [actor_default]
Compiling architecture behavioral of entity xil_defaultlib.actor_manager [actor_manager_default]
Compiling architecture behavioral of entity xil_defaultlib.actor_tile_buffer [actor_tile_buffer_default]
Compiling architecture behavioral of entity xil_defaultlib.testPatternGen2 [testpatterngen2_default]
Compiling architecture behavioral of entity xil_defaultlib.datapath_tb
Built simulation snapshot datapath_tb_behav
INFO: [USF-XSim-69] 'elaborate' step finished in '2' seconds
INFO: [USF-XSim-4] XSim::Simulate design
INFO: [USF-XSim-61] Executing 'SIMULATE' step in 'C:/travail/s4InfoAtelier4/s4InfoAtelier4.sim/sim_1/behav/xsim'
INFO: [USF-XSim-98] *** Running xsim
   with args "datapath_tb_behav -key {Behavioral:sim_1:Functional:datapath_tb} -tclbatch {datapath_tb.tcl} -protoinst "protoinst_files/atelier4.protoinst" -log {simulate.log}"
INFO: [USF-XSim-8] Loading simulator feature
Vivado Simulator 2020.2
INFO: [Wavedata 42-565] Reading protoinst file protoinst_files/atelier4.protoinst
WARNING: [Wavedata 42-558] Couldn't load one or more protocol instances from protoinst file protoinst_files/atelier4.protoinst for the following reason(s):
There are no instances of module "atelier4" in the design.

Time resolution is 1 ps
source datapath_tb.tcl
# set curr_wave [current_wave_config]
# if { [string length $curr_wave] == 0 } {
#   if { [llength [get_objects]] > 0} {
#     add_wave /
#     set_property needs_save false [current_wave_config]
#   } else {
#      send_msg_id Add_Wave-1 WARNING "No top level signals found. Simulator will start without a wave window. If you want to open a wave window go to 'File->New Waveform Configuration' or type 'create_wave_config' in the TCL console."
#   }
# }
# run 1000ns
INFO: [USF-XSim-96] XSim completed. Design snapshot 'datapath_tb_behav' loaded.
INFO: [USF-XSim-97] XSim simulation ran for 1000ns
launch_simulation: Time (s): cpu = 00:00:09 ; elapsed = 00:00:13 . Memory (MB): peak = 2964.758 ; gain = 5.629
close_sim
INFO: [Simtcl 6-16] Simulation closed
launch_simulation
Command: launch_simulation 
INFO: [Vivado 12-5682] Launching behavioral simulation in 'C:/travail/s4InfoAtelier4/s4InfoAtelier4.sim/sim_1/behav/xsim'
INFO: [Vivado 12-4795] Using compiled simulation libraries for IPs
INFO: [SIM-utils-51] Simulation object is 'sim_1'
INFO: [USF-XSim-7] Finding pre-compiled libraries...
INFO: [USF-XSim-11] File 'C:/Vivado/2020.2/data/xsim/xsim.ini' copied to run dir:'C:/travail/s4InfoAtelier4/s4InfoAtelier4.sim/sim_1/behav/xsim'
INFO: [SIM-utils-54] Inspecting design source files for 'datapath_tb' in fileset 'sim_1'...
INFO: [SIM-utils-43] Exported 'C:/travail/s4InfoAtelier4/s4InfoAtelier4.sim/sim_1/behav/xsim/sc_xtlm_atelier4_smartconnect_0_0.mem'
INFO: [SIM-utils-43] Exported 'C:/travail/s4InfoAtelier4/s4InfoAtelier4.sim/sim_1/behav/xsim/sc_xtlm_atelier4_smartconnect_0_1.mem'
INFO: [SIM-utils-43] Exported 'C:/travail/s4InfoAtelier4/s4InfoAtelier4.sim/sim_1/behav/xsim/sc_xtlm_bd_0837_smartconnect_0_0.mem'
INFO: [SIM-utils-43] Exported 'C:/travail/s4InfoAtelier4/s4InfoAtelier4.sim/sim_1/behav/xsim/bd_0837_vsc_0_v_vcresampler_core_linebuf_c_val_V_2_rom.dat'
INFO: [SIM-utils-43] Exported 'C:/travail/s4InfoAtelier4/s4InfoAtelier4.sim/sim_1/behav/xsim/bd_0837_hsc_0_MultiPixStream2AXIvideo_mapComp_rom.dat'
INFO: [USF-XSim-97] Finding global include files...
INFO: [USF-XSim-98] Fetching design files from 'sim_1'...
INFO: [USF-XSim-2] XSim::Compile design
INFO: [USF-XSim-61] Executing 'COMPILE and ANALYZE' step in 'C:/travail/s4InfoAtelier4/s4InfoAtelier4.sim/sim_1/behav/xsim'
"xvlog --incr --relax -L axi_vip_v1_1_8 -L processing_system7_vip_v1_0_10 -L smartconnect_v1_0 -L xilinx_vip -prj datapath_tb_vlog.prj"
"xvhdl --incr --relax -prj datapath_tb_vhdl.prj"
INFO: [VRFC 10-163] Analyzing VHDL file "C:/travail/s4InfoAtelier4/s4InfoAtelier4.srcs/sim_1/new/datapath_tb.vhd" into library xil_defaultlib
INFO: [VRFC 10-3107] analyzing entity 'datapath_tb'
INFO: [USF-XSim-69] 'compile' step finished in '3' seconds
INFO: [USF-XSim-3] XSim::Elaborate design
INFO: [USF-XSim-61] Executing 'ELABORATE' step in 'C:/travail/s4InfoAtelier4/s4InfoAtelier4.sim/sim_1/behav/xsim'
"xelab -wto 1814c4d5952d4bc092476e99aecaed19 --incr --debug typical --relax --mt 2 -L xil_defaultlib -L xilinx_vip -L unisims_ver -L unimacro_ver -L secureip -L xpm --snapshot datapath_tb_behav xil_defaultlib.datapath_tb xil_defaultlib.glbl -log elaborate.log"
Vivado Simulator 2020.2
Copyright 1986-1999, 2001-2020 Xilinx, Inc. All Rights Reserved.
Running: C:/Vivado/2020.2/bin/unwrapped/win64.o/xelab.exe -wto 1814c4d5952d4bc092476e99aecaed19 --incr --debug typical --relax --mt 2 -L xil_defaultlib -L xilinx_vip -L unisims_ver -L unimacro_ver -L secureip -L xpm --snapshot datapath_tb_behav xil_defaultlib.datapath_tb xil_defaultlib.glbl -log elaborate.log 
Using 2 slave threads.
Starting static elaboration
Pass Through NonSizing Optimizer
Completed static elaboration
Starting simulation data flow analysis
Completed simulation data flow analysis
Time Resolution for simulation is 1ps
Compiling package std.standard
Compiling package std.textio
Compiling package ieee.std_logic_1164
Compiling package ieee.numeric_std
Compiling module xil_defaultlib.glbl
Compiling architecture behavioral of entity xil_defaultlib.controller [controller_default]
Compiling architecture behavioral of entity xil_defaultlib.viewport [viewport_default]
Compiling architecture behavioral of entity xil_defaultlib.background_buffer_2 [background_buffer_2_default]
Compiling architecture behavioral of entity xil_defaultlib.bg_tile_buffer_2 [bg_tile_buffer_2_default]
Compiling architecture behavioral of entity xil_defaultlib.color_mux [color_mux_default]
Compiling architecture behavioral of entity xil_defaultlib.actor [actor_default]
Compiling architecture behavioral of entity xil_defaultlib.actor_manager [actor_manager_default]
Compiling architecture behavioral of entity xil_defaultlib.actor_tile_buffer [actor_tile_buffer_default]
Compiling architecture behavioral of entity xil_defaultlib.testPatternGen2 [testpatterngen2_default]
Compiling architecture behavioral of entity xil_defaultlib.datapath_tb
Built simulation snapshot datapath_tb_behav
INFO: [USF-XSim-69] 'elaborate' step finished in '1' seconds
INFO: [USF-XSim-4] XSim::Simulate design
INFO: [USF-XSim-61] Executing 'SIMULATE' step in 'C:/travail/s4InfoAtelier4/s4InfoAtelier4.sim/sim_1/behav/xsim'
INFO: [USF-XSim-98] *** Running xsim
   with args "datapath_tb_behav -key {Behavioral:sim_1:Functional:datapath_tb} -tclbatch {datapath_tb.tcl} -protoinst "protoinst_files/atelier4.protoinst" -log {simulate.log}"
INFO: [USF-XSim-8] Loading simulator feature
Vivado Simulator 2020.2
INFO: [Wavedata 42-565] Reading protoinst file protoinst_files/atelier4.protoinst
WARNING: [Wavedata 42-558] Couldn't load one or more protocol instances from protoinst file protoinst_files/atelier4.protoinst for the following reason(s):
There are no instances of module "atelier4" in the design.

Time resolution is 1 ps
source datapath_tb.tcl
# set curr_wave [current_wave_config]
# if { [string length $curr_wave] == 0 } {
#   if { [llength [get_objects]] > 0} {
#     add_wave /
#     set_property needs_save false [current_wave_config]
#   } else {
#      send_msg_id Add_Wave-1 WARNING "No top level signals found. Simulator will start without a wave window. If you want to open a wave window go to 'File->New Waveform Configuration' or type 'create_wave_config' in the TCL console."
#   }
# }
# run 1000ns
INFO: [USF-XSim-96] XSim completed. Design snapshot 'datapath_tb_behav' loaded.
INFO: [USF-XSim-97] XSim simulation ran for 1000ns
launch_simulation: Time (s): cpu = 00:00:09 ; elapsed = 00:00:13 . Memory (MB): peak = 2977.363 ; gain = 12.605
close_sim
INFO: [Simtcl 6-16] Simulation closed
launch_simulation
Command: launch_simulation 
INFO: [Vivado 12-5682] Launching behavioral simulation in 'C:/travail/s4InfoAtelier4/s4InfoAtelier4.sim/sim_1/behav/xsim'
INFO: [Vivado 12-4795] Using compiled simulation libraries for IPs
INFO: [SIM-utils-51] Simulation object is 'sim_1'
INFO: [USF-XSim-7] Finding pre-compiled libraries...
INFO: [USF-XSim-11] File 'C:/Vivado/2020.2/data/xsim/xsim.ini' copied to run dir:'C:/travail/s4InfoAtelier4/s4InfoAtelier4.sim/sim_1/behav/xsim'
INFO: [SIM-utils-54] Inspecting design source files for 'datapath_tb' in fileset 'sim_1'...
INFO: [SIM-utils-43] Exported 'C:/travail/s4InfoAtelier4/s4InfoAtelier4.sim/sim_1/behav/xsim/sc_xtlm_atelier4_smartconnect_0_0.mem'
INFO: [SIM-utils-43] Exported 'C:/travail/s4InfoAtelier4/s4InfoAtelier4.sim/sim_1/behav/xsim/sc_xtlm_atelier4_smartconnect_0_1.mem'
INFO: [SIM-utils-43] Exported 'C:/travail/s4InfoAtelier4/s4InfoAtelier4.sim/sim_1/behav/xsim/sc_xtlm_bd_0837_smartconnect_0_0.mem'
INFO: [SIM-utils-43] Exported 'C:/travail/s4InfoAtelier4/s4InfoAtelier4.sim/sim_1/behav/xsim/bd_0837_vsc_0_v_vcresampler_core_linebuf_c_val_V_2_rom.dat'
INFO: [SIM-utils-43] Exported 'C:/travail/s4InfoAtelier4/s4InfoAtelier4.sim/sim_1/behav/xsim/bd_0837_hsc_0_MultiPixStream2AXIvideo_mapComp_rom.dat'
INFO: [USF-XSim-97] Finding global include files...
INFO: [USF-XSim-98] Fetching design files from 'sim_1'...
INFO: [USF-XSim-2] XSim::Compile design
INFO: [USF-XSim-61] Executing 'COMPILE and ANALYZE' step in 'C:/travail/s4InfoAtelier4/s4InfoAtelier4.sim/sim_1/behav/xsim'
"xvlog --incr --relax -L axi_vip_v1_1_8 -L processing_system7_vip_v1_0_10 -L smartconnect_v1_0 -L xilinx_vip -prj datapath_tb_vlog.prj"
"xvhdl --incr --relax -prj datapath_tb_vhdl.prj"
INFO: [VRFC 10-163] Analyzing VHDL file "C:/travail/s4InfoAtelier4/s4InfoAtelier4.srcs/sim_1/new/datapath_tb.vhd" into library xil_defaultlib
INFO: [VRFC 10-3107] analyzing entity 'datapath_tb'
INFO: [USF-XSim-69] 'compile' step finished in '3' seconds
INFO: [USF-XSim-3] XSim::Elaborate design
INFO: [USF-XSim-61] Executing 'ELABORATE' step in 'C:/travail/s4InfoAtelier4/s4InfoAtelier4.sim/sim_1/behav/xsim'
"xelab -wto 1814c4d5952d4bc092476e99aecaed19 --incr --debug typical --relax --mt 2 -L xil_defaultlib -L xilinx_vip -L unisims_ver -L unimacro_ver -L secureip -L xpm --snapshot datapath_tb_behav xil_defaultlib.datapath_tb xil_defaultlib.glbl -log elaborate.log"
Vivado Simulator 2020.2
Copyright 1986-1999, 2001-2020 Xilinx, Inc. All Rights Reserved.
Running: C:/Vivado/2020.2/bin/unwrapped/win64.o/xelab.exe -wto 1814c4d5952d4bc092476e99aecaed19 --incr --debug typical --relax --mt 2 -L xil_defaultlib -L xilinx_vip -L unisims_ver -L unimacro_ver -L secureip -L xpm --snapshot datapath_tb_behav xil_defaultlib.datapath_tb xil_defaultlib.glbl -log elaborate.log 
Using 2 slave threads.
Starting static elaboration
Pass Through NonSizing Optimizer
Completed static elaboration
Starting simulation data flow analysis
Completed simulation data flow analysis
Time Resolution for simulation is 1ps
Compiling package std.standard
Compiling package std.textio
Compiling package ieee.std_logic_1164
Compiling package ieee.numeric_std
Compiling module xil_defaultlib.glbl
Compiling architecture behavioral of entity xil_defaultlib.controller [controller_default]
Compiling architecture behavioral of entity xil_defaultlib.viewport [viewport_default]
Compiling architecture behavioral of entity xil_defaultlib.background_buffer_2 [background_buffer_2_default]
Compiling architecture behavioral of entity xil_defaultlib.bg_tile_buffer_2 [bg_tile_buffer_2_default]
Compiling architecture behavioral of entity xil_defaultlib.color_mux [color_mux_default]
Compiling architecture behavioral of entity xil_defaultlib.actor [actor_default]
Compiling architecture behavioral of entity xil_defaultlib.actor_manager [actor_manager_default]
Compiling architecture behavioral of entity xil_defaultlib.actor_tile_buffer [actor_tile_buffer_default]
Compiling architecture behavioral of entity xil_defaultlib.testPatternGen2 [testpatterngen2_default]
Compiling architecture behavioral of entity xil_defaultlib.datapath_tb
Built simulation snapshot datapath_tb_behav
INFO: [USF-XSim-69] 'elaborate' step finished in '2' seconds
INFO: [USF-XSim-4] XSim::Simulate design
INFO: [USF-XSim-61] Executing 'SIMULATE' step in 'C:/travail/s4InfoAtelier4/s4InfoAtelier4.sim/sim_1/behav/xsim'
INFO: [USF-XSim-98] *** Running xsim
   with args "datapath_tb_behav -key {Behavioral:sim_1:Functional:datapath_tb} -tclbatch {datapath_tb.tcl} -protoinst "protoinst_files/atelier4.protoinst" -log {simulate.log}"
INFO: [USF-XSim-8] Loading simulator feature
Vivado Simulator 2020.2
INFO: [Wavedata 42-565] Reading protoinst file protoinst_files/atelier4.protoinst
WARNING: [Wavedata 42-558] Couldn't load one or more protocol instances from protoinst file protoinst_files/atelier4.protoinst for the following reason(s):
There are no instances of module "atelier4" in the design.

Time resolution is 1 ps
source datapath_tb.tcl
# set curr_wave [current_wave_config]
# if { [string length $curr_wave] == 0 } {
#   if { [llength [get_objects]] > 0} {
#     add_wave /
#     set_property needs_save false [current_wave_config]
#   } else {
#      send_msg_id Add_Wave-1 WARNING "No top level signals found. Simulator will start without a wave window. If you want to open a wave window go to 'File->New Waveform Configuration' or type 'create_wave_config' in the TCL console."
#   }
# }
# run 1000ns
INFO: [USF-XSim-96] XSim completed. Design snapshot 'datapath_tb_behav' loaded.
INFO: [USF-XSim-97] XSim simulation ran for 1000ns
launch_simulation: Time (s): cpu = 00:00:10 ; elapsed = 00:00:13 . Memory (MB): peak = 2991.289 ; gain = 13.926
close_sim
INFO: [Simtcl 6-16] Simulation closed
exit
INFO: [Common 17-206] Exiting Vivado at Sat Apr  5 23:38:16 2025...
