INFO: [VRFC 10-163] Analyzing VHDL file "C:/travail/s4InfoAtelier4/s4InfoAtelier4.srcs/sources_1/imports/design/actor.vhd" into library xil_defaultlib
INFO: [VRFC 10-3107] analyzing entity 'actor'
INFO: [VRFC 10-163] Analyzing VHDL file "C:/travail/s4InfoAtelier4/s4InfoAtelier4.srcs/sources_1/new/actor_manager.vhd" into library xil_defaultlib
INFO: [VRFC 10-3107] analyzing entity 'actor_manager'
INFO: [VRFC 10-163] Analyzing VHDL file "C:/travail/s4InfoAtelier4/s4InfoAtelier4.srcs/sources_1/imports/design/actor_tile_buffer.vhd" into library xil_defaultlib
INFO: [VRFC 10-3107] analyzing entity 'actor_tile_buffer'
INFO: [VRFC 10-163] Analyzing VHDL file "C:/travail/s4InfoAtelier4/s4InfoAtelier4.srcs/sources_1/imports/design/background_buffer_2.vhd" into library xil_defaultlib
INFO: [VRFC 10-3107] analyzing entity 'background_buffer_2'
INFO: [VRFC 10-163] Analyzing VHDL file "C:/travail/s4InfoAtelier4/s4InfoAtelier4.srcs/sources_1/new/bg_tile_buffer_2.vhd" into library xil_defaultlib
INFO: [VRFC 10-3107] analyzing entity 'bg_tile_buffer_2'
INFO: [VRFC 10-163] Analyzing VHDL file "C:/travail/s4InfoAtelier4/s4InfoAtelier4.srcs/sources_1/imports/design/color_mux.vhd" into library xil_defaultlib
INFO: [VRFC 10-3107] analyzing entity 'color_mux'
INFO: [VRFC 10-163] Analyzing VHDL file "C:/travail/s4InfoAtelier4/s4InfoAtelier4.srcs/sources_1/imports/design/controller.vhd" into library xil_defaultlib
INFO: [VRFC 10-3107] analyzing entity 'controller'
INFO: [VRFC 10-163] Analyzing VHDL file "C:/travail/s4InfoAtelier4/s4InfoAtelier4.srcs/sources_1/imports/new/testPatternGen2.vhd" into library xil_defaultlib
INFO: [VRFC 10-3107] analyzing entity 'testPatternGen2'
INFO: [VRFC 10-163] Analyzing VHDL file "C:/travail/s4InfoAtelier4/s4InfoAtelier4.srcs/sources_1/imports/design/viewport.vhd" into library xil_defaultlib
INFO: [VRFC 10-3107] analyzing entity 'viewport'
INFO: [VRFC 10-163] Analyzing VHDL file "C:/travail/s4InfoAtelier4/s4InfoAtelier4.srcs/sim_1/new/datapath_tb.vhd" into library xil_defaultlib
INFO: [VRFC 10-3107] analyzing entity 'datapath_tb'
